2021-04-18 19:59:02,574 DEBUG rpi_rf.rpi_rf Using GPIO 23
2021-04-18 19:59:02,575 DEBUG rpi_rf.rpi_rf TX enabled
2021-04-18 20:00:31,758 DEBUG rpi_rf.rpi_rf Using GPIO 23
2021-04-18 20:00:31,762 DEBUG rpi_rf.rpi_rf TX enabled
2021-04-18 20:10:34,242 DEBUG rpi_rf.rpi_rf Using GPIO <rfirr.rf.RadioOutputDevice object at 0x766e7c70>
2021-04-18 20:10:34,244 DEBUG rpi_rf.rpi_rf TX enabled
2021-04-18 20:10:34,244 DEBUG rpi_rf.rpi_rf TX code: 654321
2021-04-18 20:10:34,245 DEBUG rpi_rf.rpi_rf TX bin: 000010011111101111110001
2021-04-18 20:10:34,706 DEBUG rpi_rf.rpi_rf TX disabled
2021-04-18 20:10:34,706 DEBUG rpi_rf.rpi_rf Cleanup
2021-04-18 20:10:34,707 WARNING rfirr.rf Radio device toggled without knowing whether it was on or off
2021-04-18 20:10:34,707 INFO rfirr.rf rpi_zero power is off
2021-04-18 20:39:01,677 ERROR rfirr.rf Could not find radio device {self.name} state. Aborting
2021-04-18 20:39:41,779 ERROR rfirr.rf Could not find radio device {self.name} state. Aborting
2021-04-18 20:43:14,528 ERROR rfirr.rf Could not find radio device {self.name} state. Aborting
2021-04-18 20:46:07,892 ERROR rfirr.rf Could not find radio device rpi_zero state. Aborting
2021-04-18 20:47:51,536 ERROR rfirr.rf Could not find radio device rpi_zero state. Aborting
2021-04-18 20:51:38,111 ERROR rfirr.rf Could not find radio device rpi_zero state. Aborting
2021-04-18 20:54:15,953 ERROR rfirr.rf Could not find radio device rpi_zero state. Aborting
2021-04-18 20:58:07,169 ERROR rfirr.rf Could not find radio device rpi_zero state. Aborting
2021-04-18 21:15:57,101 ERROR rfirr.rf Could not find radio device rpi_zero state. Aborting
2021-04-18 21:18:07,107 ERROR rfirr.rf Could not find radio device rpi_zero state. Aborting
2021-04-18 21:19:15,345 ERROR rfirr.rf Could not find radio device rpi_zero state. Aborting
2021-04-18 21:23:06,985 ERROR rfirr.rf Could not find radio device rpi_zero state. Aborting
2021-04-18 21:27:07,496 ERROR rfirr.rf Could not find radio device rpi_zero state. Aborting
2021-04-18 21:28:38,163 ERROR rfirr.rf Could not find radio device rpi_zero state. Aborting
2021-04-18 21:31:59,196 WARNING rfirr.rf Radio device toggled without knowing whether it was on or off
2021-04-18 21:31:59,197 INFO rfirr.rf rpi_zero power is on
2021-04-18 21:31:59,197 INFO rfirr.rf rpi_zero power is off
2021-04-18 21:42:10,752 WARNING rfirr.rf Radio device toggled without knowing whether it was on or off
2021-04-18 21:42:10,753 INFO rfirr.rf rpi_zero power is on
2021-04-18 21:42:10,753 INFO rfirr.rf rpi_zero power is off
2021-04-18 21:47:43,958 WARNING rfirr.rf Radio device toggled without knowing whether it was on or off
2021-04-18 21:47:43,959 INFO rfirr.rf rpi_zero power is on
2021-04-18 21:47:43,959 INFO rfirr.rf rpi_zero power is off
2021-04-18 21:48:11,430 WARNING rfirr.rf Radio device toggled without knowing whether it was on or off
2021-04-18 21:48:11,431 INFO rfirr.rf rpi_zero power is on
2021-04-18 21:48:11,431 INFO rfirr.rf rpi_zero power is off
2021-04-18 21:51:05,821 WARNING rfirr.rf Radio device toggled without knowing whether it was on or off
2021-04-18 21:51:05,822 INFO rfirr.rf rpi_zero power is on
2021-04-18 21:51:05,822 INFO rfirr.rf rpi_zero power is off
2021-04-18 21:51:40,604 WARNING rfirr.rf Radio device toggled without knowing whether it was on or off
2021-04-18 21:51:40,605 INFO rfirr.rf rpi_zero power is on
2021-04-18 21:51:40,605 INFO rfirr.rf rpi_zero power is off
2021-04-18 21:51:42,852 WARNING rfirr.rf Radio device toggled without knowing whether it was on or off
2021-04-18 21:51:42,853 INFO rfirr.rf rpi_zero power is on
2021-04-18 21:51:42,853 INFO rfirr.rf rpi_zero power is off
2021-04-18 21:52:31,926 WARNING rfirr.rf Radio device toggled without knowing whether it was on or off
2021-04-18 21:52:31,927 INFO rfirr.rf rpi_zero power is on
2021-04-18 21:52:31,927 INFO rfirr.rf rpi_zero power is off
2021-04-18 21:55:23,705 WARNING rfirr.rf Radio device toggled without knowing whether it was on or off
2021-04-18 21:55:23,706 INFO rfirr.rf rpi_zero power is on
2021-04-18 21:55:23,706 INFO rfirr.rf rpi_zero power is off
2021-04-18 21:59:59,563 WARNING rfirr.rf Radio device toggled without knowing whether it was on or off
2021-04-18 21:59:59,564 INFO rfirr.rf rpi_zero power is on
2021-04-18 22:02:03,440 INFO rfirr.rf rpi_zero power is off
2021-04-18 22:06:23,938 WARNING rfirr.rf Radio device toggled without knowing whether it was on or off
2021-04-18 22:06:23,939 INFO rfirr.rf rpi_zero power is on
2021-04-18 22:06:23,939 INFO rfirr.rf rpi_zero power is off
2021-04-18 22:08:49,743 INFO rfirr.rf rpi_zero power is on
2021-04-18 22:09:21,372 INFO rfirr.rf rpi_zero power is off
2021-04-18 22:10:08,057 INFO rfirr.rf rpi_zero power is on
2021-04-18 22:10:08,058 INFO rfirr.rf rpi_zero power is off
2021-04-18 22:10:44,659 INFO rfirr.rf rpi_zero power is on
2021-04-18 22:10:44,659 INFO rfirr.rf rpi_zero power is off
2021-04-18 22:12:09,425 INFO rfirr.rf rpi_zero power is on
2021-04-18 22:12:13,613 INFO rfirr.rf rpi_zero power is off
2021-04-18 22:12:14,972 INFO rfirr.rf rpi_zero power is on
2021-04-18 22:12:16,042 INFO rfirr.rf rpi_zero power is off
2021-04-18 22:12:17,144 INFO rfirr.rf rpi_zero power is on
2021-04-18 22:12:18,139 INFO rfirr.rf rpi_zero power is off
